[  0%] Built target geometry_msgs_generate_messages_lisp
[  0%] Built target geometry_msgs_generate_messages_eus
[  4%] Built target qplib
[  4%] Built target geometry_msgs_generate_messages_py
[  4%] Built target geometry_msgs_generate_messages_nodejs
[  4%] Built target geometry_msgs_generate_messages_cpp
[  4%] Built target _stmotion_controller_generate_messages_check_deps_robot_action
[  4%] Built target _stmotion_controller_generate_messages_check_deps_lego_pickup
[ 28%] Built target stmotion_controller
[ 33%] Built target stmotion_controller_generate_messages_lisp
[ 38%] Built target stmotion_controller_generate_messages_nodejs
[ 45%] Built target stmotion_controller_generate_messages_py
[ 52%] Built target stmotion_controller_generate_messages_eus
[ 57%] Built target stmotion_controller_generate_messages_cpp
[ 66%] Built target stmotion_controller_realsense
[ 71%] Built target stmotion_controller_LTL_task_planning_cartesian
[ 71%] Built target stmotion_controller_pick_up_test
[ 80%] Built target stmotion_controller_ik_test
[ 80%] Built target stmotion_controller_lego_test
[ 85%] Built target stmotion_controller_bringup
[ 90%] Built target stmotion_controller_single_traj
[ 90%] Built target stmotion_controller_generate_messages
[ 95%] Built target stmotion_controller_fts
[100%] Built target stmotion_controller_task_planning_cartesian
