[  0%] Built target geometry_msgs_generate_messages_lisp
[  0%] Built target geometry_msgs_generate_messages_eus
[  0%] Built target geometry_msgs_generate_messages_py
[  4%] Built target qplib
[  4%] Built target geometry_msgs_generate_messages_nodejs
[  4%] Built target geometry_msgs_generate_messages_cpp
[  4%] Built target _stmotion_controller_generate_messages_check_deps_lego_pickup
[  4%] Built target _stmotion_controller_generate_messages_check_deps_robot_action
[ 28%] Built target stmotion_controller
[ 33%] Built target stmotion_controller_generate_messages_nodejs
[ 40%] Built target stmotion_controller_generate_messages_py
[ 50%] Built target stmotion_controller_generate_messages_lisp
[ 52%] Built target stmotion_controller_generate_messages_eus
[ 57%] Built target stmotion_controller_generate_messages_cpp
[ 61%] Built target stmotion_controller_fts
[ 71%] Built target stmotion_controller_ik_test
[ 71%] Built target stmotion_controller_single_traj
[ 71%] Built target stmotion_controller_generate_messages
[ 80%] Built target stmotion_controller_pick_up_test
[ 80%] Built target stmotion_controller_LTL_task_planning_cartesian
[ 90%] Built target stmotion_controller_task_planning_cartesian
[ 90%] Built target stmotion_controller_realsense
[ 95%] Built target stmotion_controller_bringup
[100%] Built target stmotion_controller_lego_test
