[  0%] Built target geometry_msgs_generate_messages_cpp
[  0%] Built target geometry_msgs_generate_messages_nodejs
[  0%] Built target geometry_msgs_generate_messages_lisp
[  0%] Built target geometry_msgs_generate_messages_py
[  4%] Built target qplib
[  4%] Built target geometry_msgs_generate_messages_eus
[  4%] Built target _stmotion_controller_generate_messages_check_deps_robot_action
[ 28%] Built target stmotion_controller
[ 28%] Built target _stmotion_controller_generate_messages_check_deps_lego_pickup
[ 33%] Built target stmotion_controller_fts
[ 38%] Built target stmotion_controller_realsense
[ 42%] Built target stmotion_controller_LTL_task_planning_cartesian
[ 57%] Built target stmotion_controller_bringup
[ 57%] Built target stmotion_controller_pick_up_test
[ 57%] Built target stmotion_controller_lego_test
[ 61%] Built target stmotion_controller_ik_test
[ 66%] Built target stmotion_controller_single_traj
[ 71%] Built target stmotion_controller_task_planning_cartesian
[ 76%] Built target stmotion_controller_generate_messages_nodejs
[ 88%] Built target stmotion_controller_generate_messages_cpp
[ 88%] Built target stmotion_controller_generate_messages_eus
[ 95%] Built target stmotion_controller_generate_messages_py
[100%] Built target stmotion_controller_generate_messages_lisp
[100%] Built target stmotion_controller_generate_messages
