[35m[1mScanning dependencies of target _moveit_fanuc1_config_generate_messages_check_deps_robot_action[0m
[35m[1mScanning dependencies of target geometry_msgs_generate_messages_py[0m
[35m[1mScanning dependencies of target geometry_msgs_generate_messages_cpp[0m
[35m[1mScanning dependencies of target geometry_msgs_generate_messages_lisp[0m
[35m[1mScanning dependencies of target geometry_msgs_generate_messages_eus[0m
[35m[1mScanning dependencies of target geometry_msgs_generate_messages_nodejs[0m
[  0%] Built target geometry_msgs_generate_messages_lisp
[  0%] Built target geometry_msgs_generate_messages_nodejs
[  0%] Built target geometry_msgs_generate_messages_cpp
[  0%] Built target geometry_msgs_generate_messages_py
[  0%] Built target geometry_msgs_generate_messages_eus
[  0%] Built target _moveit_fanuc1_config_generate_messages_check_deps_robot_action
[35m[1mScanning dependencies of target moveit_fanuc1_config_generate_messages_lisp[0m
[35m[1mScanning dependencies of target moveit_fanuc1_config_generate_messages_nodejs[0m
[35m[1mScanning dependencies of target moveit_fanuc1_config_generate_messages_cpp[0m
[35m[1mScanning dependencies of target moveit_fanuc1_config_generate_messages_eus[0m
[35m[1mScanning dependencies of target moveit_fanuc1_config_generate_messages_py[0m
[ 28%] [34m[1mGenerating Javascript code from moveit_fanuc1_config/robot_action.srv[0m
[ 28%] [34m[1mGenerating Python code from SRV moveit_fanuc1_config/robot_action[0m
[ 42%] [34m[1mGenerating EusLisp code from moveit_fanuc1_config/robot_action.srv[0m
[ 57%] [34m[1mGenerating C++ code from moveit_fanuc1_config/robot_action.srv[0m
[ 71%] [34m[1mGenerating EusLisp manifest code for moveit_fanuc1_config[0m
[ 85%] [34m[1mGenerating Lisp code from moveit_fanuc1_config/robot_action.srv[0m
[ 85%] Built target moveit_fanuc1_config_generate_messages_lisp
[ 85%] Built target moveit_fanuc1_config_generate_messages_nodejs
[100%] [34m[1mGenerating Python srv __init__.py for moveit_fanuc1_config[0m
[100%] Built target moveit_fanuc1_config_generate_messages_cpp
[100%] Built target moveit_fanuc1_config_generate_messages_py
[100%] Built target moveit_fanuc1_config_generate_messages_eus
[35m[1mScanning dependencies of target moveit_fanuc1_config_generate_messages[0m
[100%] Built target moveit_fanuc1_config_generate_messages
