Symlinking /home/xusj/Documents/0LAB/23ChangliuLiu/Hierarchical-LTL/hierarchial_simulation/devel/lib/pkgconfig/moveit_fanuc1_config.pc
Symlinking /home/xusj/Documents/0LAB/23ChangliuLiu/Hierarchical-LTL/hierarchial_simulation/devel/lib/moveit_fanuc1_config/cmake.lock
Symlinking /home/xusj/Documents/0LAB/23ChangliuLiu/Hierarchical-LTL/hierarchial_simulation/devel/lib/moveit_fanuc1_config/fanuc_controller.py
Symlinking /home/xusj/Documents/0LAB/23ChangliuLiu/Hierarchical-LTL/hierarchial_simulation/devel/lib/python3/dist-packages/moveit_fanuc1_config/__init__.py
Symlinking /home/xusj/Documents/0LAB/23ChangliuLiu/Hierarchical-LTL/hierarchial_simulation/devel/lib/python3/dist-packages/moveit_fanuc1_config/srv/__init__.py
Symlinking /home/xusj/Documents/0LAB/23ChangliuLiu/Hierarchical-LTL/hierarchial_simulation/devel/lib/python3/dist-packages/moveit_fanuc1_config/srv/_robot_action.py
Symlinking /home/xusj/Documents/0LAB/23ChangliuLiu/Hierarchical-LTL/hierarchial_simulation/devel/share/roseus/ros/moveit_fanuc1_config/manifest.l
Symlinking /home/xusj/Documents/0LAB/23ChangliuLiu/Hierarchical-LTL/hierarchial_simulation/devel/share/roseus/ros/moveit_fanuc1_config/srv/robot_action.l
Symlinking /home/xusj/Documents/0LAB/23ChangliuLiu/Hierarchical-LTL/hierarchial_simulation/devel/share/gennodejs/ros/moveit_fanuc1_config/_index.js
Symlinking /home/xusj/Documents/0LAB/23ChangliuLiu/Hierarchical-LTL/hierarchial_simulation/devel/share/gennodejs/ros/moveit_fanuc1_config/srv/robot_action.js
Symlinking /home/xusj/Documents/0LAB/23ChangliuLiu/Hierarchical-LTL/hierarchial_simulation/devel/share/gennodejs/ros/moveit_fanuc1_config/srv/_index.js
Symlinking /home/xusj/Documents/0LAB/23ChangliuLiu/Hierarchical-LTL/hierarchial_simulation/devel/share/moveit_fanuc1_config/cmake/moveit_fanuc1_config-msg-paths.cmake
Symlinking /home/xusj/Documents/0LAB/23ChangliuLiu/Hierarchical-LTL/hierarchial_simulation/devel/share/moveit_fanuc1_config/cmake/moveit_fanuc1_configConfig-version.cmake
Symlinking /home/xusj/Documents/0LAB/23ChangliuLiu/Hierarchical-LTL/hierarchial_simulation/devel/share/moveit_fanuc1_config/cmake/moveit_fanuc1_config-msg-extras.cmake
Symlinking /home/xusj/Documents/0LAB/23ChangliuLiu/Hierarchical-LTL/hierarchial_simulation/devel/share/moveit_fanuc1_config/cmake/moveit_fanuc1_configConfig.cmake
Symlinking /home/xusj/Documents/0LAB/23ChangliuLiu/Hierarchical-LTL/hierarchial_simulation/devel/share/common-lisp/ros/moveit_fanuc1_config/srv/_package.lisp
Symlinking /home/xusj/Documents/0LAB/23ChangliuLiu/Hierarchical-LTL/hierarchial_simulation/devel/share/common-lisp/ros/moveit_fanuc1_config/srv/moveit_fanuc1_config-srv.asd
Symlinking /home/xusj/Documents/0LAB/23ChangliuLiu/Hierarchical-LTL/hierarchial_simulation/devel/share/common-lisp/ros/moveit_fanuc1_config/srv/_package_robot_action.lisp
Symlinking /home/xusj/Documents/0LAB/23ChangliuLiu/Hierarchical-LTL/hierarchial_simulation/devel/share/common-lisp/ros/moveit_fanuc1_config/srv/robot_action.lisp
Symlinking /home/xusj/Documents/0LAB/23ChangliuLiu/Hierarchical-LTL/hierarchial_simulation/devel/include/moveit_fanuc1_config/robot_actionResponse.h
Symlinking /home/xusj/Documents/0LAB/23ChangliuLiu/Hierarchical-LTL/hierarchial_simulation/devel/include/moveit_fanuc1_config/robot_actionRequest.h
Symlinking /home/xusj/Documents/0LAB/23ChangliuLiu/Hierarchical-LTL/hierarchial_simulation/devel/include/moveit_fanuc1_config/robot_action.h
