Performing C++ SOURCE FILE Test CMAKE_HAVE_LIBC_PTHREAD failed with the following output:
Change Dir: /home/xusj/Documents/0LAB/23ChangliuLiu/Hierarchical-LTL/hierarchial_simulation/build/stmotion_controller/CMakeFiles/CMakeTmp

Run Build Command(s):/usr/bin/make cmTC_a8696/fast && /usr/bin/make -f CMakeFiles/cmTC_a8696.dir/build.make CMakeFiles/cmTC_a8696.dir/build
make[1]: 进入目录“/home/xusj/Documents/0LAB/23ChangliuLiu/Hierarchical-LTL/hierarchial_simulation/build/stmotion_controller/CMakeFiles/CMakeTmp”
Building CXX object CMakeFiles/cmTC_a8696.dir/src.cxx.o
/usr/bin/c++    -DCMAKE_HAVE_LIBC_PTHREAD   -std=gnu++14 -o CMakeFiles/cmTC_a8696.dir/src.cxx.o -c /home/xusj/Documents/0LAB/23ChangliuLiu/Hierarchical-LTL/hierarchial_simulation/build/stmotion_controller/CMakeFiles/CMakeTmp/src.cxx
Linking CXX executable cmTC_a8696
/usr/bin/cmake -E cmake_link_script CMakeFiles/cmTC_a8696.dir/link.txt --verbose=1
/usr/bin/c++   -DCMAKE_HAVE_LIBC_PTHREAD    CMakeFiles/cmTC_a8696.dir/src.cxx.o  -o cmTC_a8696 
/usr/bin/ld: CMakeFiles/cmTC_a8696.dir/src.cxx.o: in function `main':
src.cxx:(.text+0x46): undefined reference to `pthread_create'
/usr/bin/ld: src.cxx:(.text+0x52): undefined reference to `pthread_detach'
/usr/bin/ld: src.cxx:(.text+0x63): undefined reference to `pthread_join'
collect2: error: ld returned 1 exit status
make[1]: *** [CMakeFiles/cmTC_a8696.dir/build.make:87：cmTC_a8696] 错误 1
make[1]: 离开目录“/home/xusj/Documents/0LAB/23ChangliuLiu/Hierarchical-LTL/hierarchial_simulation/build/stmotion_controller/CMakeFiles/CMakeTmp”
make: *** [Makefile:121：cmTC_a8696/fast] 错误 2


Source file was:
#include <pthread.h>

void* test_func(void* data)
{
  return data;
}

int main(void)
{
  pthread_t thread;
  pthread_create(&thread, NULL, test_func, NULL);
  pthread_detach(thread);
  pthread_join(thread, NULL);
  pthread_atfork(NULL, NULL, NULL);
  pthread_exit(NULL);

  return 0;
}

Determining if the function pthread_create exists in the pthreads failed with the following output:
Change Dir: /home/xusj/Documents/0LAB/23ChangliuLiu/Hierarchical-LTL/hierarchial_simulation/build/stmotion_controller/CMakeFiles/CMakeTmp

Run Build Command(s):/usr/bin/make cmTC_e4614/fast && /usr/bin/make -f CMakeFiles/cmTC_e4614.dir/build.make CMakeFiles/cmTC_e4614.dir/build
make[1]: 进入目录“/home/xusj/Documents/0LAB/23ChangliuLiu/Hierarchical-LTL/hierarchial_simulation/build/stmotion_controller/CMakeFiles/CMakeTmp”
Building CXX object CMakeFiles/cmTC_e4614.dir/CheckFunctionExists.cxx.o
/usr/bin/c++    -DCHECK_FUNCTION_EXISTS=pthread_create   -std=gnu++14 -o CMakeFiles/cmTC_e4614.dir/CheckFunctionExists.cxx.o -c /home/xusj/Documents/0LAB/23ChangliuLiu/Hierarchical-LTL/hierarchial_simulation/build/stmotion_controller/CMakeFiles/CheckLibraryExists/CheckFunctionExists.cxx
Linking CXX executable cmTC_e4614
/usr/bin/cmake -E cmake_link_script CMakeFiles/cmTC_e4614.dir/link.txt --verbose=1
/usr/bin/c++   -DCHECK_FUNCTION_EXISTS=pthread_create    CMakeFiles/cmTC_e4614.dir/CheckFunctionExists.cxx.o  -o cmTC_e4614  -lpthreads 
/usr/bin/ld: 找不到 -lpthreads
collect2: error: ld returned 1 exit status
make[1]: *** [CMakeFiles/cmTC_e4614.dir/build.make:87：cmTC_e4614] 错误 1
make[1]: 离开目录“/home/xusj/Documents/0LAB/23ChangliuLiu/Hierarchical-LTL/hierarchial_simulation/build/stmotion_controller/CMakeFiles/CMakeTmp”
make: *** [Makefile:121：cmTC_e4614/fast] 错误 2



