Performing C SOURCE FILE Test CMAKE_HAVE_LIBC_PTHREAD failed with the following output:
Change Dir: /home/xusj/Documents/0LAB/23ChangliuLiu/Hierarchical-LTL/hierarchial_simulation/build/moveit_fanuc_config/CMakeFiles/CMakeTmp

Run Build Command(s):/usr/bin/make cmTC_c8589/fast && /usr/bin/make -f CMakeFiles/cmTC_c8589.dir/build.make CMakeFiles/cmTC_c8589.dir/build
make[1]: 进入目录“/home/xusj/Documents/0LAB/23ChangliuLiu/Hierarchical-LTL/hierarchial_simulation/build/moveit_fanuc_config/CMakeFiles/CMakeTmp”
Building C object CMakeFiles/cmTC_c8589.dir/src.c.o
/usr/bin/cc   -DCMAKE_HAVE_LIBC_PTHREAD   -o CMakeFiles/cmTC_c8589.dir/src.c.o   -c /home/xusj/Documents/0LAB/23ChangliuLiu/Hierarchical-LTL/hierarchial_simulation/build/moveit_fanuc_config/CMakeFiles/CMakeTmp/src.c
Linking C executable cmTC_c8589
/usr/bin/cmake -E cmake_link_script CMakeFiles/cmTC_c8589.dir/link.txt --verbose=1
/usr/bin/cc  -DCMAKE_HAVE_LIBC_PTHREAD    -rdynamic CMakeFiles/cmTC_c8589.dir/src.c.o  -o cmTC_c8589 
/usr/bin/ld: CMakeFiles/cmTC_c8589.dir/src.c.o: in function `main':
src.c:(.text+0x46): undefined reference to `pthread_create'
/usr/bin/ld: src.c:(.text+0x52): undefined reference to `pthread_detach'
/usr/bin/ld: src.c:(.text+0x63): undefined reference to `pthread_join'
collect2: error: ld returned 1 exit status
make[1]: *** [CMakeFiles/cmTC_c8589.dir/build.make:87：cmTC_c8589] 错误 1
make[1]: 离开目录“/home/xusj/Documents/0LAB/23ChangliuLiu/Hierarchical-LTL/hierarchial_simulation/build/moveit_fanuc_config/CMakeFiles/CMakeTmp”
make: *** [Makefile:121：cmTC_c8589/fast] 错误 2


Source file was:
#include <pthread.h>

void* test_func(void* data)
{
  return data;
}

int main(void)
{
  pthread_t thread;
  pthread_create(&thread, NULL, test_func, NULL);
  pthread_detach(thread);
  pthread_join(thread, NULL);
  pthread_atfork(NULL, NULL, NULL);
  pthread_exit(NULL);

  return 0;
}

Determining if the function pthread_create exists in the pthreads failed with the following output:
Change Dir: /home/xusj/Documents/0LAB/23ChangliuLiu/Hierarchical-LTL/hierarchial_simulation/build/moveit_fanuc_config/CMakeFiles/CMakeTmp

Run Build Command(s):/usr/bin/make cmTC_f5adb/fast && /usr/bin/make -f CMakeFiles/cmTC_f5adb.dir/build.make CMakeFiles/cmTC_f5adb.dir/build
make[1]: 进入目录“/home/xusj/Documents/0LAB/23ChangliuLiu/Hierarchical-LTL/hierarchial_simulation/build/moveit_fanuc_config/CMakeFiles/CMakeTmp”
Building C object CMakeFiles/cmTC_f5adb.dir/CheckFunctionExists.c.o
/usr/bin/cc   -DCHECK_FUNCTION_EXISTS=pthread_create   -o CMakeFiles/cmTC_f5adb.dir/CheckFunctionExists.c.o   -c /usr/share/cmake-3.16/Modules/CheckFunctionExists.c
Linking C executable cmTC_f5adb
/usr/bin/cmake -E cmake_link_script CMakeFiles/cmTC_f5adb.dir/link.txt --verbose=1
/usr/bin/cc  -DCHECK_FUNCTION_EXISTS=pthread_create    -rdynamic CMakeFiles/cmTC_f5adb.dir/CheckFunctionExists.c.o  -o cmTC_f5adb  -lpthreads 
/usr/bin/ld: 找不到 -lpthreads
collect2: error: ld returned 1 exit status
make[1]: *** [CMakeFiles/cmTC_f5adb.dir/build.make:87：cmTC_f5adb] 错误 1
make[1]: 离开目录“/home/xusj/Documents/0LAB/23ChangliuLiu/Hierarchical-LTL/hierarchial_simulation/build/moveit_fanuc_config/CMakeFiles/CMakeTmp”
make: *** [Makefile:121：cmTC_f5adb/fast] 错误 2



