/opt/ros/noetic/share/genmsg/cmake/pkg-genmsg.cmake.em:56: error: <class 'genmsg.base.InvalidMsgSpec'>: Invalid declaration: string reference_frame "world"
Traceback (most recent call last):
  File "/usr/local/miniconda3/lib/python3.9/site-packages/em.py", line 3303, in <module>
    if __name__ == '__main__': main()
  File "/usr/local/miniconda3/lib/python3.9/site-packages/em.py", line 3301, in main
    invoke(sys.argv[1:])
  File "/usr/local/miniconda3/lib/python3.9/site-packages/em.py", line 3284, in invoke
    interpreter.wrap(interpreter.file, (file, name))
  File "/usr/local/miniconda3/lib/python3.9/site-packages/em.py", line 2295, in wrap
    self.fail(e)
  File "/usr/local/miniconda3/lib/python3.9/site-packages/em.py", line 2284, in wrap
    callable(*args)
  File "/usr/local/miniconda3/lib/python3.9/site-packages/em.py", line 2359, in file
    self.safe(scanner, done, locals)
  File "/usr/local/miniconda3/lib/python3.9/site-packages/em.py", line 2401, in safe
    self.parse(scanner, locals)
  File "/usr/local/miniconda3/lib/python3.9/site-packages/em.py", line 2421, in parse
    token.run(self, locals)
  File "/usr/local/miniconda3/lib/python3.9/site-packages/em.py", line 1425, in run
    interpreter.execute(self.code, locals)
  File "/usr/local/miniconda3/lib/python3.9/site-packages/em.py", line 2596, in execute
    _exec(statements, self.globals, locals)
  File "<string>", line 48, in <module>
  File "/opt/ros/noetic/lib/python3/dist-packages/genmsg/deps.py", line 70, in find_srv_dependencies_with_type
    spec = genmsg.msg_loader.load_srv_from_file(msg_context, msg_file, full_type_name)
  File "/opt/ros/noetic/lib/python3/dist-packages/genmsg/msg_loader.py", line 485, in load_srv_from_file
    spec = load_srv_from_string(msg_context, text, full_name)
  File "/opt/ros/noetic/lib/python3/dist-packages/genmsg/msg_loader.py", line 469, in load_srv_from_string
    msg_in = load_msg_from_string(msg_context, text_in.getvalue(), '%sRequest'%(full_name))
  File "/opt/ros/noetic/lib/python3/dist-packages/genmsg/msg_loader.py", line 266, in load_msg_from_string
    field_type, name = _load_field_line(orig_line, package_name)
  File "/opt/ros/noetic/lib/python3/dist-packages/genmsg/msg_loader.py", line 225, in _load_field_line
    raise InvalidMsgSpec("Invalid declaration: %s"%(orig_line))
genmsg.base.InvalidMsgSpec: Invalid declaration: string reference_frame "world"
[31m[1mCMake Error[0m at /opt/ros/noetic/share/catkin/cmake/safe_execute_process.cmake:11 (message):

  execute_process(/home/xusj/Documents/0LAB/23ChangliuLiu/Hierarchical-LTL/hierarchial_simulation/build/moveit_human_config/catkin_generated/env_cached.sh
  "/usr/local/miniconda3/bin/python3"
  "/usr/local/miniconda3/lib/python3.9/site-packages/em.py" "--raw-errors"
  "-F"
  "/home/xusj/Documents/0LAB/23ChangliuLiu/Hierarchical-LTL/hierarchial_simulation/build/moveit_human_config/cmake/moveit_human_config-genmsg-context.py"
  "-o"
  "/home/xusj/Documents/0LAB/23ChangliuLiu/Hierarchical-LTL/hierarchial_simulation/build/moveit_human_config/cmake/moveit_human_config-genmsg.cmake"
  "/opt/ros/noetic/share/genmsg/cmake/pkg-genmsg.cmake.em") returned error
  code 1
[36mCall Stack (most recent call first):[0m
  /opt/ros/noetic/share/catkin/cmake/em_expand.cmake:25 (safe_execute_process)
  /opt/ros/noetic/share/genmsg/cmake/genmsg-extras.cmake:303 (em_expand)
  CMakeLists.txt:18 (generate_messages)


make: *** [Makefile:768：cmake_check_build_system] 错误 1
