[36m--[0m Using CATKIN_DEVEL_PREFIX: /home/xusj/Documents/0LAB/23ChangliuLiu/Hierarchical-LTL/hierarchial_simulation/devel/.private/hierarchial_simulation
[36m--[0m Using CMAKE_PREFIX_PATH: /home/xusj/Documents/0LAB/23ChangliuLiu/Hierarchical-LTL/hierarchial_simulation/devel;/opt/ros/noetic
[36m--[0m This workspace overlays: /home/xusj/Documents/0LAB/23ChangliuLiu/Hierarchical-LTL/hierarchial_simulation/devel;/opt/ros/noetic
[36m--[0m Found PythonInterp: /usr/local/miniconda3/bin/python3 (found suitable version "3.9.7", minimum required is "3")
[36m--[0m Using PYTHON_EXECUTABLE: /usr/local/miniconda3/bin/python3
[36m--[0m Using Debian Python package layout
[36m--[0m Using empy: /usr/local/miniconda3/lib/python3.9/site-packages/em.py
[36m--[0m Using CATKIN_ENABLE_TESTING: ON
[36m--[0m Call enable_testing()
[36m--[0m Using CATKIN_TEST_RESULTS_DIR: /home/xusj/Documents/0LAB/23ChangliuLiu/Hierarchical-LTL/hierarchial_simulation/build/hierarchial_simulation/test_results
[36m--[0m Forcing gtest/gmock from source, though one was otherwise available.
[36m--[0m Found gtest sources under '/usr/src/googletest': gtests will be built
[36m--[0m Found gmock sources under '/usr/src/googletest': gmock will be built
[36m--[0m Found PythonInterp: /usr/local/miniconda3/bin/python3 (found version "3.9.7")
[36m--[0m Using Python nosetests: /usr/bin/nosetests3
[36m--[0m catkin 0.8.10
[36m--[0m BUILD_SHARED_LIBS is on
[36m--[0m Using these message generators: gencpp;geneus;genlisp;gennodejs;genpy
[36m--[0m hierarchial_simulation: 0 messages, 2 services
[36m--[0m Installing devel-space wrapper /home/xusj/Documents/0LAB/23ChangliuLiu/Hierarchical-LTL/hierarchial_simulation/src/hierarchial_simulation/scripts/demo_human_fanuc_lego.py to /home/xusj/Documents/0LAB/23ChangliuLiu/Hierarchical-LTL/hierarchial_simulation/devel/.private/hierarchial_simulation/lib/hierarchial_simulation
[36m--[0m Configuring done
[36m--[0m Generating done
[36m--[0m Build files have been written to: /home/xusj/Documents/0LAB/23ChangliuLiu/Hierarchical-LTL/hierarchial_simulation/build/hierarchial_simulation
